<?xml version="1.0" encoding="UTF-8"?>
<!-- Generated by org.testng.reporters.JUnitReportReporter -->
<testsuite hostname="LAPTOP-G3OC30N8" failures="0" tests="7" name="com.justdial.qa.testcases.WashingServiceResultsTestPage" time="17.234" errors="0" timestamp="2023-06-17T22:27:26 IST" skipped="0">
  <testcase classname="com.justdial.qa.testcases.WashingServiceResultsTestPage" name="invokeHomePageActions" time="4.931"/>
  <system-out/>
  <testcase classname="com.justdial.qa.testcases.WashingServiceResultsTestPage" name="titleValidationWashingServicesTestCase" time="1.460"/>
  <system-out/>
  <testcase classname="com.justdial.qa.testcases.WashingServiceResultsTestPage" name="resultHeaderTextDisplayTest" time="0.179"/>
  <system-out/>
  <testcase classname="com.justdial.qa.testcases.WashingServiceResultsTestPage" name="topRatedButtonIsDisplayedTest" time="0.199"/>
  <system-out/>
  <testcase classname="com.justdial.qa.testcases.WashingServiceResultsTestPage" name="topRatedButtonIsClickableTest" time="0.017"/>
  <system-out/>
  <testcase classname="com.justdial.qa.testcases.WashingServiceResultsTestPage" name="displayListOfTop5CarWashingServices" time="2.696"/>
  <system-out/>
  <testcase classname="com.justdial.qa.testcases.WashingServiceResultsTestPage" name="navigateBack" time="7.752"/>
  <system-out/>
</testsuite> <!-- com.justdial.qa.testcases.WashingServiceResultsTestPage -->
