<?xml version="1.0" encoding="UTF-8"?>
<!-- Generated by org.testng.reporters.JUnitReportReporter -->
<testsuite hostname="LAPTOP-G3OC30N8" failures="0" tests="8" name="com.justdial.qa.testcases.homePageTestCases" time="9.855" errors="0" timestamp="2023-06-17T22:08:59 IST" skipped="0">
  <testcase classname="com.justdial.qa.testcases.homePageTestCases" name="freeListingLinkTest" time="0.134"/>
  <system-out/>
  <testcase classname="com.justdial.qa.testcases.homePageTestCases" name="cityBoxIsDisplayed" time="0.117"/>
  <system-out/>
  <testcase classname="com.justdial.qa.testcases.homePageTestCases" name="gymButtonTest" time="2.114"/>
  <system-out/>
  <testcase classname="com.justdial.qa.testcases.homePageTestCases" name="searchEngineIsDisplayed" time="0.052"/>
  <system-out/>
  <testcase classname="com.justdial.qa.testcases.homePageTestCases" name="logoValidationTest" time="0.867"/>
  <system-out/>
  <testcase classname="com.justdial.qa.testcases.homePageTestCases" name="loginOrSignUpLinkTest" time="2.273"/>
  <system-out/>
  <testcase classname="com.justdial.qa.testcases.homePageTestCases" name="pageTitleValidationTest" time="0.010"/>
  <system-out/>
  <testcase classname="com.justdial.qa.testcases.homePageTestCases" name="cityIsChangeableTest" time="4.288"/>
  <system-out/>
</testsuite> <!-- com.justdial.qa.testcases.homePageTestCases -->
