<?xml version="1.0" encoding="UTF-8"?>
<!-- Generated by org.testng.reporters.JUnitReportReporter -->
<testsuite hostname="LAPTOP-G3OC30N8" failures="0" tests="12" name="com.justdial.qa.testcases.FreeListingTestCases" time="55.844" errors="0" timestamp="2023-06-17T22:08:59 IST" skipped="0">
  <testcase classname="com.justdial.qa.testcases.FreeListingTestCases" name="mandatoryFieldTextTest" time="1.041"/>
  <system-out/>
  <testcase classname="com.justdial.qa.testcases.FreeListingTestCases" name="invokeHomePage" time="2.587"/>
  <system-out/>
  <testcase classname="com.justdial.qa.testcases.FreeListingTestCases" name="verifyTitleTest" time="0.018"/>
  <system-out/>
  <testcase classname="com.justdial.qa.testcases.FreeListingTestCases" name="freeListingLogoTest" time="0.077"/>
  <system-out/>
  <testcase classname="com.justdial.qa.testcases.FreeListingTestCases" name="verifyTextTest" time="0.150"/>
  <system-out/>
  <testcase classname="com.justdial.qa.testcases.FreeListingTestCases" name="allNullValue" time="3.967"/>
  <system-out/>
  <testcase classname="com.justdial.qa.testcases.FreeListingTestCases" name="invalidCityNameTest" time="7.495"/>
  <system-out/>
  <testcase classname="com.justdial.qa.testcases.FreeListingTestCases" name="companyFieldNull" time="8.164"/>
  <system-out/>
  <testcase classname="com.justdial.qa.testcases.FreeListingTestCases" name="mobileFieldNullTest" time="5.471"/>
  <system-out/>
  <testcase classname="com.justdial.qa.testcases.FreeListingTestCases" name="cityIsBlankTest" time="8.592"/>
  <system-out/>
  <testcase classname="com.justdial.qa.testcases.FreeListingTestCases" name="invalidPhoneNumber" time="7.901"/>
  <system-out/>
  <testcase classname="com.justdial.qa.testcases.FreeListingTestCases" name="allValidData" time="10.381"/>
  <system-out/>
</testsuite> <!-- com.justdial.qa.testcases.FreeListingTestCases -->
