<?xml version="1.0" encoding="UTF-8"?>
<!-- Generated by org.testng.reporters.JUnitReportReporter -->
<testsuite hostname="LAPTOP-G3OC30N8" failures="0" tests="7" name="com.justdial.qa.testcases.GymListingTestCases" time="12.602" errors="0" timestamp="2023-06-17T22:08:59 IST" skipped="0">
  <testcase classname="com.justdial.qa.testcases.GymListingTestCases" name="filterDivTest" time="2.241"/>
  <system-out/>
  <testcase classname="com.justdial.qa.testcases.GymListingTestCases" name="validateResultHeaderTest" time="0.044"/>
  <system-out/>
  <testcase classname="com.justdial.qa.testcases.GymListingTestCases" name="resultBoxDisplayedTest" time="0.108"/>
  <system-out/>
  <testcase classname="com.justdial.qa.testcases.GymListingTestCases" name="invokeHomePage" time="1.140"/>
  <system-out/>
  <testcase classname="com.justdial.qa.testcases.GymListingTestCases" name="validateGymPageTitleTest" time="0.015"/>
  <system-out/>
  <testcase classname="com.justdial.qa.testcases.GymListingTestCases" name="displayListOfGymsTest" time="0.716"/>
  <system-out/>
  <testcase classname="com.justdial.qa.testcases.GymListingTestCases" name="navigateBack" time="8.338"/>
  <system-out/>
</testsuite> <!-- com.justdial.qa.testcases.GymListingTestCases -->
